2014/08/04 14:17:17 [error] [php] Undefined index: f (/var/www/html/hrcns/protected/modules/v2/components/Security.php:127)
Stack trace:
#0 /var/www/html/hrcns/y/framework/web/auth/CAccessControlFilter.php(384): CAccessRule->evaluateExpression()
#1 /var/www/html/hrcns/y/framework/web/auth/CAccessControlFilter.php(280): CAccessRule->isExpressionMatched()
#2 /var/www/html/hrcns/y/framework/web/auth/CAccessControlFilter.php(135): CAccessRule->isUserAllowed()
#3 /var/www/html/hrcns/y/framework/web/filters/CFilter.php(38): CAccessControlFilter->preFilter()
#4 /var/www/html/hrcns/y/framework/web/CController.php(1145): CAccessControlFilter->filter()
#5 /var/www/html/hrcns/y/framework/web/filters/CInlineFilter.php(58): NoticeController->filterAccessControl()
#6 /var/www/html/hrcns/y/framework/web/filters/CFilterChain.php(130): CInlineFilter->filter()
#7 /var/www/html/hrcns/y/framework/web/CController.php(291): CFilterChain->run()
#8 /var/www/html/hrcns/y/framework/web/CController.php(265): NoticeController->runActionWithFilters()
#9 /var/www/html/hrcns/y/framework/web/CWebApplication.php(282): NoticeController->run()
#10 /var/www/html/hrcns/y/framework/web/CWebApplication.php(141): CWebApplication->runController()
#11 /var/www/html/hrcns/y/framework/base/CApplication.php(169): CWebApplication->processRequest()
#12 /var/www/html/hrcns/index.php(25): CWebApplication->run()
REQUEST_URI=/hrcns/index.php/v2/notice/prepare
2014/08/04 14:17:38 [error] [php] Undefined index: f (/var/www/html/hrcns/protected/modules/v2/components/Security.php:127)
Stack trace:
#0 /var/www/html/hrcns/y/framework/web/auth/CAccessControlFilter.php(384): CAccessRule->evaluateExpression()
#1 /var/www/html/hrcns/y/framework/web/auth/CAccessControlFilter.php(280): CAccessRule->isExpressionMatched()
#2 /var/www/html/hrcns/y/framework/web/auth/CAccessControlFilter.php(135): CAccessRule->isUserAllowed()
#3 /var/www/html/hrcns/y/framework/web/filters/CFilter.php(38): CAccessControlFilter->preFilter()
#4 /var/www/html/hrcns/y/framework/web/CController.php(1145): CAccessControlFilter->filter()
#5 /var/www/html/hrcns/y/framework/web/filters/CInlineFilter.php(58): NoticeController->filterAccessControl()
#6 /var/www/html/hrcns/y/framework/web/filters/CFilterChain.php(130): CInlineFilter->filter()
#7 /var/www/html/hrcns/y/framework/web/CController.php(291): CFilterChain->run()
#8 /var/www/html/hrcns/y/framework/web/CController.php(265): NoticeController->runActionWithFilters()
#9 /var/www/html/hrcns/y/framework/web/CWebApplication.php(282): NoticeController->run()
#10 /var/www/html/hrcns/y/framework/web/CWebApplication.php(141): CWebApplication->runController()
#11 /var/www/html/hrcns/y/framework/base/CApplication.php(169): CWebApplication->processRequest()
#12 /var/www/html/hrcns/index.php(25): CWebApplication->run()
REQUEST_URI=/hrcns/index.php/v2/notice/prepare
2014/08/04 14:17:41 [error] [php] Undefined index: f (/var/www/html/hrcns/protected/modules/v2/components/Security.php:127)
Stack trace:
#0 /var/www/html/hrcns/y/framework/web/auth/CAccessControlFilter.php(384): CAccessRule->evaluateExpression()
#1 /var/www/html/hrcns/y/framework/web/auth/CAccessControlFilter.php(280): CAccessRule->isExpressionMatched()
#2 /var/www/html/hrcns/y/framework/web/auth/CAccessControlFilter.php(135): CAccessRule->isUserAllowed()
#3 /var/www/html/hrcns/y/framework/web/filters/CFilter.php(38): CAccessControlFilter->preFilter()
#4 /var/www/html/hrcns/y/framework/web/CController.php(1145): CAccessControlFilter->filter()
#5 /var/www/html/hrcns/y/framework/web/filters/CInlineFilter.php(58): NoticeController->filterAccessControl()
#6 /var/www/html/hrcns/y/framework/web/filters/CFilterChain.php(130): CInlineFilter->filter()
#7 /var/www/html/hrcns/y/framework/web/CController.php(291): CFilterChain->run()
#8 /var/www/html/hrcns/y/framework/web/CController.php(265): NoticeController->runActionWithFilters()
#9 /var/www/html/hrcns/y/framework/web/CWebApplication.php(282): NoticeController->run()
#10 /var/www/html/hrcns/y/framework/web/CWebApplication.php(141): CWebApplication->runController()
#11 /var/www/html/hrcns/y/framework/base/CApplication.php(169): CWebApplication->processRequest()
#12 /var/www/html/hrcns/index.php(25): CWebApplication->run()
REQUEST_URI=/hrcns/index.php/v2/notice/prepare
2014/08/04 14:17:42 [error] [php] Undefined index: f (/var/www/html/hrcns/protected/modules/v2/components/Security.php:127)
Stack trace:
#0 /var/www/html/hrcns/y/framework/web/auth/CAccessControlFilter.php(384): CAccessRule->evaluateExpression()
#1 /var/www/html/hrcns/y/framework/web/auth/CAccessControlFilter.php(280): CAccessRule->isExpressionMatched()
#2 /var/www/html/hrcns/y/framework/web/auth/CAccessControlFilter.php(135): CAccessRule->isUserAllowed()
#3 /var/www/html/hrcns/y/framework/web/filters/CFilter.php(38): CAccessControlFilter->preFilter()
#4 /var/www/html/hrcns/y/framework/web/CController.php(1145): CAccessControlFilter->filter()
#5 /var/www/html/hrcns/y/framework/web/filters/CInlineFilter.php(58): NoticeController->filterAccessControl()
#6 /var/www/html/hrcns/y/framework/web/filters/CFilterChain.php(130): CInlineFilter->filter()
#7 /var/www/html/hrcns/y/framework/web/CController.php(291): CFilterChain->run()
#8 /var/www/html/hrcns/y/framework/web/CController.php(265): NoticeController->runActionWithFilters()
#9 /var/www/html/hrcns/y/framework/web/CWebApplication.php(282): NoticeController->run()
#10 /var/www/html/hrcns/y/framework/web/CWebApplication.php(141): CWebApplication->runController()
#11 /var/www/html/hrcns/y/framework/base/CApplication.php(169): CWebApplication->processRequest()
#12 /var/www/html/hrcns/index.php(25): CWebApplication->run()
REQUEST_URI=/hrcns/index.php/v2/notice/prepare
2014/08/04 14:17:59 [error] [php] Undefined index: f (/var/www/html/hrcns/protected/modules/v2/components/Security.php:127)
Stack trace:
#0 /var/www/html/hrcns/y/framework/web/auth/CAccessControlFilter.php(384): CAccessRule->evaluateExpression()
#1 /var/www/html/hrcns/y/framework/web/auth/CAccessControlFilter.php(280): CAccessRule->isExpressionMatched()
#2 /var/www/html/hrcns/y/framework/web/auth/CAccessControlFilter.php(135): CAccessRule->isUserAllowed()
#3 /var/www/html/hrcns/y/framework/web/filters/CFilter.php(38): CAccessControlFilter->preFilter()
#4 /var/www/html/hrcns/y/framework/web/CController.php(1145): CAccessControlFilter->filter()
#5 /var/www/html/hrcns/y/framework/web/filters/CInlineFilter.php(58): NoticeController->filterAccessControl()
#6 /var/www/html/hrcns/y/framework/web/filters/CFilterChain.php(130): CInlineFilter->filter()
#7 /var/www/html/hrcns/y/framework/web/CController.php(291): CFilterChain->run()
#8 /var/www/html/hrcns/y/framework/web/CController.php(265): NoticeController->runActionWithFilters()
#9 /var/www/html/hrcns/y/framework/web/CWebApplication.php(282): NoticeController->run()
#10 /var/www/html/hrcns/y/framework/web/CWebApplication.php(141): CWebApplication->runController()
#11 /var/www/html/hrcns/y/framework/base/CApplication.php(169): CWebApplication->processRequest()
#12 /var/www/html/hrcns/index.php(25): CWebApplication->run()
REQUEST_URI=/hrcns/index.php/v2/notice/prepare
2014/08/04 14:18:18 [error] [php] Undefined index: f (/var/www/html/hrcns/protected/modules/v2/components/Security.php:127)
Stack trace:
#0 /var/www/html/hrcns/y/framework/web/auth/CAccessControlFilter.php(384): CAccessRule->evaluateExpression()
#1 /var/www/html/hrcns/y/framework/web/auth/CAccessControlFilter.php(280): CAccessRule->isExpressionMatched()
#2 /var/www/html/hrcns/y/framework/web/auth/CAccessControlFilter.php(135): CAccessRule->isUserAllowed()
#3 /var/www/html/hrcns/y/framework/web/filters/CFilter.php(38): CAccessControlFilter->preFilter()
#4 /var/www/html/hrcns/y/framework/web/CController.php(1145): CAccessControlFilter->filter()
#5 /var/www/html/hrcns/y/framework/web/filters/CInlineFilter.php(58): NoticeController->filterAccessControl()
#6 /var/www/html/hrcns/y/framework/web/filters/CFilterChain.php(130): CInlineFilter->filter()
#7 /var/www/html/hrcns/y/framework/web/CController.php(291): CFilterChain->run()
#8 /var/www/html/hrcns/y/framework/web/CController.php(265): NoticeController->runActionWithFilters()
#9 /var/www/html/hrcns/y/framework/web/CWebApplication.php(282): NoticeController->run()
#10 /var/www/html/hrcns/y/framework/web/CWebApplication.php(141): CWebApplication->runController()
#11 /var/www/html/hrcns/y/framework/base/CApplication.php(169): CWebApplication->processRequest()
#12 /var/www/html/hrcns/index.php(25): CWebApplication->run()
REQUEST_URI=/hrcns/index.php/v2/notice/prepare
2014/08/04 14:18:19 [error] [php] Undefined index: f (/var/www/html/hrcns/protected/modules/v2/components/Security.php:127)
Stack trace:
#0 /var/www/html/hrcns/y/framework/web/auth/CAccessControlFilter.php(384): CAccessRule->evaluateExpression()
#1 /var/www/html/hrcns/y/framework/web/auth/CAccessControlFilter.php(280): CAccessRule->isExpressionMatched()
#2 /var/www/html/hrcns/y/framework/web/auth/CAccessControlFilter.php(135): CAccessRule->isUserAllowed()
#3 /var/www/html/hrcns/y/framework/web/filters/CFilter.php(38): CAccessControlFilter->preFilter()
#4 /var/www/html/hrcns/y/framework/web/CController.php(1145): CAccessControlFilter->filter()
#5 /var/www/html/hrcns/y/framework/web/filters/CInlineFilter.php(58): NoticeController->filterAccessControl()
#6 /var/www/html/hrcns/y/framework/web/filters/CFilterChain.php(130): CInlineFilter->filter()
#7 /var/www/html/hrcns/y/framework/web/CController.php(291): CFilterChain->run()
#8 /var/www/html/hrcns/y/framework/web/CController.php(265): NoticeController->runActionWithFilters()
#9 /var/www/html/hrcns/y/framework/web/CWebApplication.php(282): NoticeController->run()
#10 /var/www/html/hrcns/y/framework/web/CWebApplication.php(141): CWebApplication->runController()
#11 /var/www/html/hrcns/y/framework/base/CApplication.php(169): CWebApplication->processRequest()
#12 /var/www/html/hrcns/index.php(25): CWebApplication->run()
REQUEST_URI=/hrcns/index.php/v2/notice/prepare
2014/08/04 14:18:20 [error] [php] Undefined index: f (/var/www/html/hrcns/protected/modules/v2/components/Security.php:127)
Stack trace:
#0 /var/www/html/hrcns/y/framework/web/auth/CAccessControlFilter.php(384): CAccessRule->evaluateExpression()
#1 /var/www/html/hrcns/y/framework/web/auth/CAccessControlFilter.php(280): CAccessRule->isExpressionMatched()
#2 /var/www/html/hrcns/y/framework/web/auth/CAccessControlFilter.php(135): CAccessRule->isUserAllowed()
#3 /var/www/html/hrcns/y/framework/web/filters/CFilter.php(38): CAccessControlFilter->preFilter()
#4 /var/www/html/hrcns/y/framework/web/CController.php(1145): CAccessControlFilter->filter()
#5 /var/www/html/hrcns/y/framework/web/filters/CInlineFilter.php(58): NoticeController->filterAccessControl()
#6 /var/www/html/hrcns/y/framework/web/filters/CFilterChain.php(130): CInlineFilter->filter()
#7 /var/www/html/hrcns/y/framework/web/CController.php(291): CFilterChain->run()
#8 /var/www/html/hrcns/y/framework/web/CController.php(265): NoticeController->runActionWithFilters()
#9 /var/www/html/hrcns/y/framework/web/CWebApplication.php(282): NoticeController->run()
#10 /var/www/html/hrcns/y/framework/web/CWebApplication.php(141): CWebApplication->runController()
#11 /var/www/html/hrcns/y/framework/base/CApplication.php(169): CWebApplication->processRequest()
#12 /var/www/html/hrcns/index.php(25): CWebApplication->run()
REQUEST_URI=/hrcns/index.php/v2/notice/prepare
2014/08/04 14:18:21 [error] [php] Undefined index: f (/var/www/html/hrcns/protected/modules/v2/components/Security.php:127)
Stack trace:
#0 /var/www/html/hrcns/y/framework/web/auth/CAccessControlFilter.php(384): CAccessRule->evaluateExpression()
#1 /var/www/html/hrcns/y/framework/web/auth/CAccessControlFilter.php(280): CAccessRule->isExpressionMatched()
#2 /var/www/html/hrcns/y/framework/web/auth/CAccessControlFilter.php(135): CAccessRule->isUserAllowed()
#3 /var/www/html/hrcns/y/framework/web/filters/CFilter.php(38): CAccessControlFilter->preFilter()
#4 /var/www/html/hrcns/y/framework/web/CController.php(1145): CAccessControlFilter->filter()
#5 /var/www/html/hrcns/y/framework/web/filters/CInlineFilter.php(58): NoticeController->filterAccessControl()
#6 /var/www/html/hrcns/y/framework/web/filters/CFilterChain.php(130): CInlineFilter->filter()
#7 /var/www/html/hrcns/y/framework/web/CController.php(291): CFilterChain->run()
#8 /var/www/html/hrcns/y/framework/web/CController.php(265): NoticeController->runActionWithFilters()
#9 /var/www/html/hrcns/y/framework/web/CWebApplication.php(282): NoticeController->run()
#10 /var/www/html/hrcns/y/framework/web/CWebApplication.php(141): CWebApplication->runController()
#11 /var/www/html/hrcns/y/framework/base/CApplication.php(169): CWebApplication->processRequest()
#12 /var/www/html/hrcns/index.php(25): CWebApplication->run()
REQUEST_URI=/hrcns/index.php/v2/notice/prepare
2014/08/04 14:18:21 [error] [php] Undefined index: f (/var/www/html/hrcns/protected/modules/v2/components/Security.php:127)
Stack trace:
#0 /var/www/html/hrcns/y/framework/web/auth/CAccessControlFilter.php(384): CAccessRule->evaluateExpression()
#1 /var/www/html/hrcns/y/framework/web/auth/CAccessControlFilter.php(280): CAccessRule->isExpressionMatched()
#2 /var/www/html/hrcns/y/framework/web/auth/CAccessControlFilter.php(135): CAccessRule->isUserAllowed()
#3 /var/www/html/hrcns/y/framework/web/filters/CFilter.php(38): CAccessControlFilter->preFilter()
#4 /var/www/html/hrcns/y/framework/web/CController.php(1145): CAccessControlFilter->filter()
#5 /var/www/html/hrcns/y/framework/web/filters/CInlineFilter.php(58): NoticeController->filterAccessControl()
#6 /var/www/html/hrcns/y/framework/web/filters/CFilterChain.php(130): CInlineFilter->filter()
#7 /var/www/html/hrcns/y/framework/web/CController.php(291): CFilterChain->run()
#8 /var/www/html/hrcns/y/framework/web/CController.php(265): NoticeController->runActionWithFilters()
#9 /var/www/html/hrcns/y/framework/web/CWebApplication.php(282): NoticeController->run()
#10 /var/www/html/hrcns/y/framework/web/CWebApplication.php(141): CWebApplication->runController()
#11 /var/www/html/hrcns/y/framework/base/CApplication.php(169): CWebApplication->processRequest()
#12 /var/www/html/hrcns/index.php(25): CWebApplication->run()
REQUEST_URI=/hrcns/index.php/v2/notice/prepare
2014/08/04 14:18:24 [error] [app] Visitor from 192.168.1.48
2014/08/04 14:18:27 [error] [app] Visitor from 192.168.1.48
2014/08/04 14:18:27 [error] [app] LOGIN: steven@evacare.net logged in successfully from 192.168.1.48
2014/08/04 14:18:33 [error] [php] Undefined index: f (/var/www/html/hrcns/protected/modules/v2/components/Security.php:127)
Stack trace:
#0 /var/www/html/hrcns/y/framework/web/auth/CAccessControlFilter.php(384): CAccessRule->evaluateExpression()
#1 /var/www/html/hrcns/y/framework/web/auth/CAccessControlFilter.php(280): CAccessRule->isExpressionMatched()
#2 /var/www/html/hrcns/y/framework/web/auth/CAccessControlFilter.php(135): CAccessRule->isUserAllowed()
#3 /var/www/html/hrcns/y/framework/web/filters/CFilter.php(38): CAccessControlFilter->preFilter()
#4 /var/www/html/hrcns/y/framework/web/CController.php(1145): CAccessControlFilter->filter()
#5 /var/www/html/hrcns/y/framework/web/filters/CInlineFilter.php(58): NoticeController->filterAccessControl()
#6 /var/www/html/hrcns/y/framework/web/filters/CFilterChain.php(130): CInlineFilter->filter()
#7 /var/www/html/hrcns/y/framework/web/CController.php(291): CFilterChain->run()
#8 /var/www/html/hrcns/y/framework/web/CController.php(265): NoticeController->runActionWithFilters()
#9 /var/www/html/hrcns/y/framework/web/CWebApplication.php(282): NoticeController->run()
#10 /var/www/html/hrcns/y/framework/web/CWebApplication.php(141): CWebApplication->runController()
#11 /var/www/html/hrcns/y/framework/base/CApplication.php(169): CWebApplication->processRequest()
#12 /var/www/html/hrcns/index.php(25): CWebApplication->run()
REQUEST_URI=/hrcns/index.php/v2/notice/prepare
2014/08/04 14:18:43 [error] [php] Undefined index: f (/var/www/html/hrcns/protected/modules/v2/components/Security.php:127)
Stack trace:
#0 /var/www/html/hrcns/y/framework/web/auth/CAccessControlFilter.php(384): CAccessRule->evaluateExpression()
#1 /var/www/html/hrcns/y/framework/web/auth/CAccessControlFilter.php(280): CAccessRule->isExpressionMatched()
#2 /var/www/html/hrcns/y/framework/web/auth/CAccessControlFilter.php(135): CAccessRule->isUserAllowed()
#3 /var/www/html/hrcns/y/framework/web/filters/CFilter.php(38): CAccessControlFilter->preFilter()
#4 /var/www/html/hrcns/y/framework/web/CController.php(1145): CAccessControlFilter->filter()
#5 /var/www/html/hrcns/y/framework/web/filters/CInlineFilter.php(58): NoticeController->filterAccessControl()
#6 /var/www/html/hrcns/y/framework/web/filters/CFilterChain.php(130): CInlineFilter->filter()
#7 /var/www/html/hrcns/y/framework/web/CController.php(291): CFilterChain->run()
#8 /var/www/html/hrcns/y/framework/web/CController.php(265): NoticeController->runActionWithFilters()
#9 /var/www/html/hrcns/y/framework/web/CWebApplication.php(282): NoticeController->run()
#10 /var/www/html/hrcns/y/framework/web/CWebApplication.php(141): CWebApplication->runController()
#11 /var/www/html/hrcns/y/framework/base/CApplication.php(169): CWebApplication->processRequest()
#12 /var/www/html/hrcns/index.php(25): CWebApplication->run()
REQUEST_URI=/hrcns/index.php/v2/notice/prepare
2014/08/04 14:19:59 [error] [php] Undefined index: f (/var/www/html/hrcns/protected/modules/v2/components/Security.php:127)
Stack trace:
#0 /var/www/html/hrcns/y/framework/web/auth/CAccessControlFilter.php(384): CAccessRule->evaluateExpression()
#1 /var/www/html/hrcns/y/framework/web/auth/CAccessControlFilter.php(280): CAccessRule->isExpressionMatched()
#2 /var/www/html/hrcns/y/framework/web/auth/CAccessControlFilter.php(135): CAccessRule->isUserAllowed()
#3 /var/www/html/hrcns/y/framework/web/filters/CFilter.php(38): CAccessControlFilter->preFilter()
#4 /var/www/html/hrcns/y/framework/web/CController.php(1145): CAccessControlFilter->filter()
#5 /var/www/html/hrcns/y/framework/web/filters/CInlineFilter.php(58): NoticeController->filterAccessControl()
#6 /var/www/html/hrcns/y/framework/web/filters/CFilterChain.php(130): CInlineFilter->filter()
#7 /var/www/html/hrcns/y/framework/web/CController.php(291): CFilterChain->run()
#8 /var/www/html/hrcns/y/framework/web/CController.php(265): NoticeController->runActionWithFilters()
#9 /var/www/html/hrcns/y/framework/web/CWebApplication.php(282): NoticeController->run()
#10 /var/www/html/hrcns/y/framework/web/CWebApplication.php(141): CWebApplication->runController()
#11 /var/www/html/hrcns/y/framework/base/CApplication.php(169): CWebApplication->processRequest()
#12 /var/www/html/hrcns/index.php(25): CWebApplication->run()
REQUEST_URI=/hrcns/index.php/v2/notice/prepare
2014/08/04 14:20:23 [info] [audit] Test Audit
2014/08/04 14:20:24 [info] [audit] Test Audit
2014/08/04 14:20:24 [info] [audit] Test Audit
2014/08/04 14:20:24 [info] [audit] Test Audit
2014/08/04 14:20:25 [info] [audit] Test Audit
2014/08/04 14:20:25 [info] [audit] Test Audit
2014/08/04 14:20:25 [info] [audit] Test Audit
2014/08/04 14:20:27 [info] [audit] Test Audit
2014/08/04 14:20:27 [info] [audit] Test Audit
2014/08/04 14:20:27 [info] [audit] Test Audit
2014/08/04 14:20:27 [info] [audit] Test Audit
2014/08/04 14:20:27 [info] [audit] Test Audit
2014/08/04 14:20:34 [info] [audit] Testssss Audit
2014/08/04 14:20:34 [info] [audit] Testssss Audit
2014/08/04 14:20:35 [info] [audit] Testssss Audit
2014/08/04 14:20:35 [info] [audit] Testssss Audit
2014/08/04 14:20:35 [info] [audit] Testssss Audit
2014/08/04 14:20:35 [info] [audit] Testssss Audit
2014/08/04 14:23:03 [error] [php] Undefined variable: notice (/var/www/html/hrcns/protected/modules/v2/controllers/NoticeController.php:267)
Stack trace:
#0 /var/www/html/hrcns/y/framework/web/actions/CInlineAction.php(47): CInlineAction->runWithParamsInternal()
#1 /var/www/html/hrcns/y/framework/web/CController.php(308): CInlineAction->runWithParams()
#2 /var/www/html/hrcns/y/framework/web/filters/CFilterChain.php(133): NoticeController->runAction()
#3 /var/www/html/hrcns/y/framework/web/filters/CFilter.php(40): CFilterChain->run()
#4 /var/www/html/hrcns/y/framework/web/CController.php(1145): CAccessControlFilter->filter()
#5 /var/www/html/hrcns/y/framework/web/filters/CInlineFilter.php(58): NoticeController->filterAccessControl()
#6 /var/www/html/hrcns/y/framework/web/filters/CFilterChain.php(130): CInlineFilter->filter()
#7 /var/www/html/hrcns/y/framework/web/CController.php(291): CFilterChain->run()
#8 /var/www/html/hrcns/y/framework/web/CController.php(265): NoticeController->runActionWithFilters()
#9 /var/www/html/hrcns/y/framework/web/CWebApplication.php(282): NoticeController->run()
#10 /var/www/html/hrcns/y/framework/web/CWebApplication.php(141): CWebApplication->runController()
#11 /var/www/html/hrcns/y/framework/base/CApplication.php(169): CWebApplication->processRequest()
#12 /var/www/html/hrcns/index.php(25): CWebApplication->run()
REQUEST_URI=/hrcns/index.php/v2/notice/prepare?f=4
2014/08/04 14:26:51 [error] [php] move_uploaded_file(/var/www/html/hrcns/uploads/250117e2be423109fa142b4fc22f67501407187611.pdf): failed to open stream: No such file or directory (/var/www/html/hrcns/y/framework/web/CUploadedFile.php:196)
Stack trace:
#0 /var/www/html/hrcns/y/framework/web/actions/CInlineAction.php(49): NoticeController->actionUpload()
#1 /var/www/html/hrcns/y/framework/web/CController.php(308): CInlineAction->runWithParams()
#2 /var/www/html/hrcns/y/framework/web/filters/CFilterChain.php(133): NoticeController->runAction()
#3 /var/www/html/hrcns/y/framework/web/filters/CFilter.php(40): CFilterChain->run()
#4 /var/www/html/hrcns/y/framework/web/CController.php(1145): CAccessControlFilter->filter()
#5 /var/www/html/hrcns/y/framework/web/filters/CInlineFilter.php(58): NoticeController->filterAccessControl()
#6 /var/www/html/hrcns/y/framework/web/filters/CFilterChain.php(130): CInlineFilter->filter()
#7 /var/www/html/hrcns/y/framework/web/CController.php(291): CFilterChain->run()
#8 /var/www/html/hrcns/y/framework/web/CController.php(265): NoticeController->runActionWithFilters()
#9 /var/www/html/hrcns/y/framework/web/CWebApplication.php(282): NoticeController->run()
#10 /var/www/html/hrcns/y/framework/web/CWebApplication.php(141): CWebApplication->runController()
#11 /var/www/html/hrcns/y/framework/base/CApplication.php(169): CWebApplication->processRequest()
#12 /var/www/html/hrcns/index.php(25): CWebApplication->run()
REQUEST_URI=/hrcns/index.php/v2/notice/upload
2014/08/04 14:27:06 [error] [php] move_uploaded_file(/var/www/html/hrcns/uploads/250117e2be423109fa142b4fc22f67501407187626.pdf): failed to open stream: No such file or directory (/var/www/html/hrcns/y/framework/web/CUploadedFile.php:196)
Stack trace:
#0 /var/www/html/hrcns/y/framework/web/actions/CInlineAction.php(49): NoticeController->actionUpload()
#1 /var/www/html/hrcns/y/framework/web/CController.php(308): CInlineAction->runWithParams()
#2 /var/www/html/hrcns/y/framework/web/filters/CFilterChain.php(133): NoticeController->runAction()
#3 /var/www/html/hrcns/y/framework/web/filters/CFilter.php(40): CFilterChain->run()
#4 /var/www/html/hrcns/y/framework/web/CController.php(1145): CAccessControlFilter->filter()
#5 /var/www/html/hrcns/y/framework/web/filters/CInlineFilter.php(58): NoticeController->filterAccessControl()
#6 /var/www/html/hrcns/y/framework/web/filters/CFilterChain.php(130): CInlineFilter->filter()
#7 /var/www/html/hrcns/y/framework/web/CController.php(291): CFilterChain->run()
#8 /var/www/html/hrcns/y/framework/web/CController.php(265): NoticeController->runActionWithFilters()
#9 /var/www/html/hrcns/y/framework/web/CWebApplication.php(282): NoticeController->run()
#10 /var/www/html/hrcns/y/framework/web/CWebApplication.php(141): CWebApplication->runController()
#11 /var/www/html/hrcns/y/framework/base/CApplication.php(169): CWebApplication->processRequest()
#12 /var/www/html/hrcns/index.php(25): CWebApplication->run()
REQUEST_URI=/hrcns/index.php/v2/notice/upload
2014/08/04 14:28:38 [error] [app] Visitor from 192.168.1.48
2014/08/04 14:28:49 [error] [app] Visitor from 192.168.1.48
2014/08/04 14:28:49 [error] [app] LOGIN: office_fm@greenfieldcare.com logged in successfully from 192.168.1.48
2014/08/04 14:29:54 [error] [app] Visitor from 192.168.1.48
2014/08/04 14:30:06 [error] [app] Visitor from 192.168.1.48
2014/08/04 14:30:06 [error] [app] LOGIN: admin_fm@greenfieldcare.com logged in successfully from 192.168.1.48
2014/08/04 14:30:38 [error] [app] Visitor from 192.168.1.48
2014/08/04 14:30:43 [error] [app] Visitor from 192.168.1.48
2014/08/04 14:30:43 [error] [app] LOGIN: steven@evacare.net logged in successfully from 192.168.1.48
2014/08/04 14:31:36 [error] [app] Visitor from 192.168.1.48
2014/08/04 14:31:39 [error] [app] Visitor from 192.168.1.48
2014/08/04 14:31:39 [error] [app] LOGIN: steven@evacare.net logged in successfully from 192.168.1.48
2014/08/04 14:31:46 [error] [app] Visitor from 192.168.1.48
2014/08/04 14:32:03 [error] [app] Visitor from 192.168.1.48
2014/08/04 14:32:03 [error] [app] LOGIN: admin_fm@greenfieldcare.com logged in successfully from 192.168.1.48
2014/08/04 14:44:11 [error] [exception.CHttpException.403] exception 'CHttpException' with message 'Only active notices can be cancelled.' in /var/www/html/hrcns/protected/modules/v2/controllers/NoticeController.php:44
Stack trace:
#0 [internal function]: NoticeController->actionCancel('4610')
#1 /var/www/html/hrcns/y/framework/web/actions/CAction.php(108): ReflectionMethod->invokeArgs(Object(NoticeController), Array)
#2 /var/www/html/hrcns/y/framework/web/actions/CInlineAction.php(47): CAction->runWithParamsInternal(Object(NoticeController), Object(ReflectionMethod), Array)
#3 /var/www/html/hrcns/y/framework/web/CController.php(308): CInlineAction->runWithParams(Array)
#4 /var/www/html/hrcns/y/framework/web/filters/CFilterChain.php(133): CController->runAction(Object(CInlineAction))
#5 /var/www/html/hrcns/y/framework/web/filters/CFilter.php(40): CFilterChain->run()
#6 /var/www/html/hrcns/y/framework/web/CController.php(1145): CFilter->filter(Object(CFilterChain))
#7 /var/www/html/hrcns/y/framework/web/filters/CInlineFilter.php(58): CController->filterAccessControl(Object(CFilterChain))
#8 /var/www/html/hrcns/y/framework/web/filters/CFilterChain.php(130): CInlineFilter->filter(Object(CFilterChain))
#9 /var/www/html/hrcns/y/framework/web/CController.php(291): CFilterChain->run()
#10 /var/www/html/hrcns/y/framework/web/CController.php(265): CController->runActionWithFilters(Object(CInlineAction), Array)
#11 /var/www/html/hrcns/y/framework/web/CWebApplication.php(282): CController->run('cancel')
#12 /var/www/html/hrcns/y/framework/web/CWebApplication.php(141): CWebApplication->runController('v2/notice/cance...')
#13 /var/www/html/hrcns/y/framework/base/CApplication.php(169): CWebApplication->processRequest()
#14 /var/www/html/hrcns/index.php(25): CApplication->run()
#15 {main}
REQUEST_URI=/hrcns/index.php/v2/notice/cancel/id/4610
HTTP_REFERER=http://192.168.1.231/hrcns/index.php/v2/notice/review/id/4610
---
2014/08/04 14:58:04 [error] [app] Visitor from 192.168.1.48
2014/08/04 14:58:08 [error] [app] Visitor from 192.168.1.48
2014/08/04 14:58:08 [error] [app] LOGIN: steven@evacare.net logged in successfully from 192.168.1.48
2014/08/04 14:58:18 [error] [exception.CHttpException.403] exception 'CHttpException' with message 'You are not authorized to perform this action.' in /var/www/html/hrcns/y/framework/web/auth/CAccessControlFilter.php:179
Stack trace:
#0 /var/www/html/hrcns/y/framework/web/auth/CAccessControlFilter.php(142): CAccessControlFilter->accessDenied(Object(WebUser), 'You are not aut...')
#1 /var/www/html/hrcns/y/framework/web/filters/CFilter.php(38): CAccessControlFilter->preFilter(Object(CFilterChain))
#2 /var/www/html/hrcns/y/framework/web/CController.php(1145): CFilter->filter(Object(CFilterChain))
#3 /var/www/html/hrcns/y/framework/web/filters/CInlineFilter.php(58): CController->filterAccessControl(Object(CFilterChain))
#4 /var/www/html/hrcns/y/framework/web/filters/CFilterChain.php(130): CInlineFilter->filter(Object(CFilterChain))
#5 /var/www/html/hrcns/y/framework/web/CController.php(291): CFilterChain->run()
#6 /var/www/html/hrcns/y/framework/web/CController.php(265): CController->runActionWithFilters(Object(CInlineAction), Array)
#7 /var/www/html/hrcns/y/framework/web/CWebApplication.php(282): CController->run('delete')
#8 /var/www/html/hrcns/y/framework/web/CWebApplication.php(141): CWebApplication->runController('adminoverride/n...')
#9 /var/www/html/hrcns/y/framework/base/CApplication.php(169): CWebApplication->processRequest()
#10 /var/www/html/hrcns/index.php(25): CApplication->run()
#11 {main}
REQUEST_URI=/hrcns/index.php/adminoverride/notice/delete/id/1?ajax=notice-grid
HTTP_REFERER=http://192.168.1.231/hrcns/index.php/adminoverride/notice/admin
---
2014/08/04 14:58:24 [error] [php] Undefined variable: notice (/var/www/html/hrcns/protected/modules/adminoverride/controllers/NoticeController.php:101)
Stack trace:
#0 /var/www/html/hrcns/y/framework/web/actions/CInlineAction.php(47): CInlineAction->runWithParamsInternal()
#1 /var/www/html/hrcns/y/framework/web/CController.php(308): CInlineAction->runWithParams()
#2 /var/www/html/hrcns/y/framework/web/filters/CFilterChain.php(133): NoticeController->runAction()
#3 /var/www/html/hrcns/y/framework/web/filters/CFilter.php(40): CFilterChain->run()
#4 /var/www/html/hrcns/y/framework/web/CController.php(1145): CAccessControlFilter->filter()
#5 /var/www/html/hrcns/y/framework/web/filters/CInlineFilter.php(58): NoticeController->filterAccessControl()
#6 /var/www/html/hrcns/y/framework/web/filters/CFilterChain.php(130): CInlineFilter->filter()
#7 /var/www/html/hrcns/y/framework/web/CController.php(291): CFilterChain->run()
#8 /var/www/html/hrcns/y/framework/web/CController.php(265): NoticeController->runActionWithFilters()
#9 /var/www/html/hrcns/y/framework/web/CWebApplication.php(282): NoticeController->run()
#10 /var/www/html/hrcns/y/framework/web/CWebApplication.php(141): CWebApplication->runController()
#11 /var/www/html/hrcns/y/framework/base/CApplication.php(169): CWebApplication->processRequest()
#12 /var/www/html/hrcns/index.php(25): CWebApplication->run()
REQUEST_URI=/hrcns/index.php/adminoverride/notice/update/id/1
2014/08/04 17:26:10 [error] [exception.CHttpException.401] exception 'CHttpException' with message 'User not found!' in /var/www/html/hrcns/protected/modules/tar/controllers/MessageController.php:61
Stack trace:
#0 [internal function]: MessageController->actionGetmessages('steven@evacare....', '123')
#1 /var/www/html/hrcns/y/framework/web/actions/CAction.php(108): ReflectionMethod->invokeArgs(Object(MessageController), Array)
#2 /var/www/html/hrcns/y/framework/web/actions/CInlineAction.php(47): CAction->runWithParamsInternal(Object(MessageController), Object(ReflectionMethod), Array)
#3 /var/www/html/hrcns/y/framework/web/CController.php(308): CInlineAction->runWithParams(Array)
#4 /var/www/html/hrcns/y/framework/web/filters/CFilterChain.php(133): CController->runAction(Object(CInlineAction))
#5 /var/www/html/hrcns/y/framework/web/filters/CFilter.php(40): CFilterChain->run()
#6 /var/www/html/hrcns/y/framework/web/CController.php(1145): CFilter->filter(Object(CFilterChain))
#7 /var/www/html/hrcns/y/framework/web/filters/CInlineFilter.php(58): CController->filterAccessControl(Object(CFilterChain))
#8 /var/www/html/hrcns/y/framework/web/filters/CFilterChain.php(130): CInlineFilter->filter(Object(CFilterChain))
#9 /var/www/html/hrcns/y/framework/web/CController.php(291): CFilterChain->run()
#10 /var/www/html/hrcns/y/framework/web/CController.php(265): CController->runActionWithFilters(Object(CInlineAction), Array)
#11 /var/www/html/hrcns/y/framework/web/CWebApplication.php(282): CController->run('getmessages')
#12 /var/www/html/hrcns/y/framework/web/CWebApplication.php(141): CWebApplication->runController('tar/message/get...')
#13 /var/www/html/hrcns/y/framework/base/CApplication.php(169): CWebApplication->processRequest()
#14 /var/www/html/hrcns/index.php(25): CApplication->run()
#15 {main}
REQUEST_URI=/hrcns/index.php/tar/message/getmessages?k=123&u=steven@evacare.com
---
2014/08/04 17:29:42 [error] [exception.CHttpException.401] exception 'CHttpException' with message 'User not found!' in /var/www/html/hrcns/protected/modules/tar/controllers/MessageController.php:61
Stack trace:
#0 [internal function]: MessageController->actionGetmessages('steven@evacare....', '123')
#1 /var/www/html/hrcns/y/framework/web/actions/CAction.php(108): ReflectionMethod->invokeArgs(Object(MessageController), Array)
#2 /var/www/html/hrcns/y/framework/web/actions/CInlineAction.php(47): CAction->runWithParamsInternal(Object(MessageController), Object(ReflectionMethod), Array)
#3 /var/www/html/hrcns/y/framework/web/CController.php(308): CInlineAction->runWithParams(Array)
#4 /var/www/html/hrcns/y/framework/web/filters/CFilterChain.php(133): CController->runAction(Object(CInlineAction))
#5 /var/www/html/hrcns/y/framework/web/filters/CFilter.php(40): CFilterChain->run()
#6 /var/www/html/hrcns/y/framework/web/CController.php(1145): CFilter->filter(Object(CFilterChain))
#7 /var/www/html/hrcns/y/framework/web/filters/CInlineFilter.php(58): CController->filterAccessControl(Object(CFilterChain))
#8 /var/www/html/hrcns/y/framework/web/filters/CFilterChain.php(130): CInlineFilter->filter(Object(CFilterChain))
#9 /var/www/html/hrcns/y/framework/web/CController.php(291): CFilterChain->run()
#10 /var/www/html/hrcns/y/framework/web/CController.php(265): CController->runActionWithFilters(Object(CInlineAction), Array)
#11 /var/www/html/hrcns/y/framework/web/CWebApplication.php(282): CController->run('getmessages')
#12 /var/www/html/hrcns/y/framework/web/CWebApplication.php(141): CWebApplication->runController('tar/message/get...')
#13 /var/www/html/hrcns/y/framework/base/CApplication.php(169): CWebApplication->processRequest()
#14 /var/www/html/hrcns/index.php(25): CApplication->run()
#15 {main}
REQUEST_URI=/hrcns/index.php/tar/message/getmessages?k=123&u=steven@evacare.com
---
2014/08/04 17:30:29 [error] [exception.CHttpException.401] exception 'CHttpException' with message 'User not found!' in /var/www/html/hrcns/protected/modules/tar/controllers/MessageController.php:61
Stack trace:
#0 [internal function]: MessageController->actionGetmessages('steven@evacare....', '123')
#1 /var/www/html/hrcns/y/framework/web/actions/CAction.php(108): ReflectionMethod->invokeArgs(Object(MessageController), Array)
#2 /var/www/html/hrcns/y/framework/web/actions/CInlineAction.php(47): CAction->runWithParamsInternal(Object(MessageController), Object(ReflectionMethod), Array)
#3 /var/www/html/hrcns/y/framework/web/CController.php(308): CInlineAction->runWithParams(Array)
#4 /var/www/html/hrcns/y/framework/web/filters/CFilterChain.php(133): CController->runAction(Object(CInlineAction))
#5 /var/www/html/hrcns/y/framework/web/filters/CFilter.php(40): CFilterChain->run()
#6 /var/www/html/hrcns/y/framework/web/CController.php(1145): CFilter->filter(Object(CFilterChain))
#7 /var/www/html/hrcns/y/framework/web/filters/CInlineFilter.php(58): CController->filterAccessControl(Object(CFilterChain))
#8 /var/www/html/hrcns/y/framework/web/filters/CFilterChain.php(130): CInlineFilter->filter(Object(CFilterChain))
#9 /var/www/html/hrcns/y/framework/web/CController.php(291): CFilterChain->run()
#10 /var/www/html/hrcns/y/framework/web/CController.php(265): CController->runActionWithFilters(Object(CInlineAction), Array)
#11 /var/www/html/hrcns/y/framework/web/CWebApplication.php(282): CController->run('getmessages')
#12 /var/www/html/hrcns/y/framework/web/CWebApplication.php(141): CWebApplication->runController('tar/message/get...')
#13 /var/www/html/hrcns/y/framework/base/CApplication.php(169): CWebApplication->processRequest()
#14 /var/www/html/hrcns/index.php(25): CApplication->run()
#15 {main}
REQUEST_URI=/hrcns/index.php/tar/message/getmessages?k=123&u=steven@evacare.com
---
2014/08/04 17:30:53 [error] [exception.CHttpException.401] exception 'CHttpException' with message 'User not found!' in /var/www/html/hrcns/protected/modules/tar/controllers/MessageController.php:61
Stack trace:
#0 [internal function]: MessageController->actionGetmessages('steven@evacare....', '123')
#1 /var/www/html/hrcns/y/framework/web/actions/CAction.php(108): ReflectionMethod->invokeArgs(Object(MessageController), Array)
#2 /var/www/html/hrcns/y/framework/web/actions/CInlineAction.php(47): CAction->runWithParamsInternal(Object(MessageController), Object(ReflectionMethod), Array)
#3 /var/www/html/hrcns/y/framework/web/CController.php(308): CInlineAction->runWithParams(Array)
#4 /var/www/html/hrcns/y/framework/web/filters/CFilterChain.php(133): CController->runAction(Object(CInlineAction))
#5 /var/www/html/hrcns/y/framework/web/filters/CFilter.php(40): CFilterChain->run()
#6 /var/www/html/hrcns/y/framework/web/CController.php(1145): CFilter->filter(Object(CFilterChain))
#7 /var/www/html/hrcns/y/framework/web/filters/CInlineFilter.php(58): CController->filterAccessControl(Object(CFilterChain))
#8 /var/www/html/hrcns/y/framework/web/filters/CFilterChain.php(130): CInlineFilter->filter(Object(CFilterChain))
#9 /var/www/html/hrcns/y/framework/web/CController.php(291): CFilterChain->run()
#10 /var/www/html/hrcns/y/framework/web/CController.php(265): CController->runActionWithFilters(Object(CInlineAction), Array)
#11 /var/www/html/hrcns/y/framework/web/CWebApplication.php(282): CController->run('getmessages')
#12 /var/www/html/hrcns/y/framework/web/CWebApplication.php(141): CWebApplication->runController('tar/message/get...')
#13 /var/www/html/hrcns/y/framework/base/CApplication.php(169): CWebApplication->processRequest()
#14 /var/www/html/hrcns/index.php(25): CApplication->run()
#15 {main}
REQUEST_URI=/hrcns/index.php/tar/message/getmessages?k=123&u=steven@evacare.com
---
2014/08/04 18:18:27 [error] [exception.CHttpException.401] exception 'CHttpException' with message 'User not found!' in /var/www/html/hrcns/protected/modules/tar/controllers/MessageController.php:61
Stack trace:
#0 [internal function]: MessageController->actionGetmessages('steven@evacare....', '123')
#1 /var/www/html/hrcns/y/framework/web/actions/CAction.php(108): ReflectionMethod->invokeArgs(Object(MessageController), Array)
#2 /var/www/html/hrcns/y/framework/web/actions/CInlineAction.php(47): CAction->runWithParamsInternal(Object(MessageController), Object(ReflectionMethod), Array)
#3 /var/www/html/hrcns/y/framework/web/CController.php(308): CInlineAction->runWithParams(Array)
#4 /var/www/html/hrcns/y/framework/web/filters/CFilterChain.php(133): CController->runAction(Object(CInlineAction))
#5 /var/www/html/hrcns/y/framework/web/filters/CFilter.php(40): CFilterChain->run()
#6 /var/www/html/hrcns/y/framework/web/CController.php(1145): CFilter->filter(Object(CFilterChain))
#7 /var/www/html/hrcns/y/framework/web/filters/CInlineFilter.php(58): CController->filterAccessControl(Object(CFilterChain))
#8 /var/www/html/hrcns/y/framework/web/filters/CFilterChain.php(130): CInlineFilter->filter(Object(CFilterChain))
#9 /var/www/html/hrcns/y/framework/web/CController.php(291): CFilterChain->run()
#10 /var/www/html/hrcns/y/framework/web/CController.php(265): CController->runActionWithFilters(Object(CInlineAction), Array)
#11 /var/www/html/hrcns/y/framework/web/CWebApplication.php(282): CController->run('getmessages')
#12 /var/www/html/hrcns/y/framework/web/CWebApplication.php(141): CWebApplication->runController('tar/message/get...')
#13 /var/www/html/hrcns/y/framework/base/CApplication.php(169): CWebApplication->processRequest()
#14 /var/www/html/hrcns/index.php(25): CApplication->run()
#15 {main}
REQUEST_URI=/hrcns/index.php/tar/message/getmessages?k=123&u=steven@evacare.neta
---
2014/08/04 18:18:49 [error] [exception.CHttpException.401] exception 'CHttpException' with message 'User not found!' in /var/www/html/hrcns/protected/modules/tar/controllers/MessageController.php:61
Stack trace:
#0 [internal function]: MessageController->actionGetmessages('', '123')
#1 /var/www/html/hrcns/y/framework/web/actions/CAction.php(108): ReflectionMethod->invokeArgs(Object(MessageController), Array)
#2 /var/www/html/hrcns/y/framework/web/actions/CInlineAction.php(47): CAction->runWithParamsInternal(Object(MessageController), Object(ReflectionMethod), Array)
#3 /var/www/html/hrcns/y/framework/web/CController.php(308): CInlineAction->runWithParams(Array)
#4 /var/www/html/hrcns/y/framework/web/filters/CFilterChain.php(133): CController->runAction(Object(CInlineAction))
#5 /var/www/html/hrcns/y/framework/web/filters/CFilter.php(40): CFilterChain->run()
#6 /var/www/html/hrcns/y/framework/web/CController.php(1145): CFilter->filter(Object(CFilterChain))
#7 /var/www/html/hrcns/y/framework/web/filters/CInlineFilter.php(58): CController->filterAccessControl(Object(CFilterChain))
#8 /var/www/html/hrcns/y/framework/web/filters/CFilterChain.php(130): CInlineFilter->filter(Object(CFilterChain))
#9 /var/www/html/hrcns/y/framework/web/CController.php(291): CFilterChain->run()
#10 /var/www/html/hrcns/y/framework/web/CController.php(265): CController->runActionWithFilters(Object(CInlineAction), Array)
#11 /var/www/html/hrcns/y/framework/web/CWebApplication.php(282): CController->run('getmessages')
#12 /var/www/html/hrcns/y/framework/web/CWebApplication.php(141): CWebApplication->runController('tar/message/get...')
#13 /var/www/html/hrcns/y/framework/base/CApplication.php(169): CWebApplication->processRequest()
#14 /var/www/html/hrcns/index.php(25): CApplication->run()
#15 {main}
REQUEST_URI=/hrcns/index.php/tar/message/getmessages?k=123&u=
---
2014/08/04 18:19:38 [error] [exception.CHttpException.401] exception 'CHttpException' with message 'User not found!' in /var/www/html/hrcns/protected/modules/tar/controllers/MessageController.php:61
Stack trace:
#0 [internal function]: MessageController->actionGetmessages('steven@evacare....', '123')
#1 /var/www/html/hrcns/y/framework/web/actions/CAction.php(108): ReflectionMethod->invokeArgs(Object(MessageController), Array)
#2 /var/www/html/hrcns/y/framework/web/actions/CInlineAction.php(47): CAction->runWithParamsInternal(Object(MessageController), Object(ReflectionMethod), Array)
#3 /var/www/html/hrcns/y/framework/web/CController.php(308): CInlineAction->runWithParams(Array)
#4 /var/www/html/hrcns/y/framework/web/filters/CFilterChain.php(133): CController->runAction(Object(CInlineAction))
#5 /var/www/html/hrcns/y/framework/web/filters/CFilter.php(40): CFilterChain->run()
#6 /var/www/html/hrcns/y/framework/web/CController.php(1145): CFilter->filter(Object(CFilterChain))
#7 /var/www/html/hrcns/y/framework/web/filters/CInlineFilter.php(58): CController->filterAccessControl(Object(CFilterChain))
#8 /var/www/html/hrcns/y/framework/web/filters/CFilterChain.php(130): CInlineFilter->filter(Object(CFilterChain))
#9 /var/www/html/hrcns/y/framework/web/CController.php(291): CFilterChain->run()
#10 /var/www/html/hrcns/y/framework/web/CController.php(265): CController->runActionWithFilters(Object(CInlineAction), Array)
#11 /var/www/html/hrcns/y/framework/web/CWebApplication.php(282): CController->run('getmessages')
#12 /var/www/html/hrcns/y/framework/web/CWebApplication.php(141): CWebApplication->runController('tar/message/get...')
#13 /var/www/html/hrcns/y/framework/base/CApplication.php(169): CWebApplication->processRequest()
#14 /var/www/html/hrcns/index.php(25): CApplication->run()
#15 {main}
REQUEST_URI=/hrcns/index.php/tar/message/getmessages?k=123&u=steven@evacare.neta
---
2014/08/04 18:35:36 [error] [exception.CHttpException.401] exception 'CHttpException' with message 'User not found!' in /var/www/html/hrcns/protected/modules/tar/controllers/MessageController.php:61
Stack trace:
#0 [internal function]: MessageController->actionGetmessages('adminaaa', '123')
#1 /var/www/html/hrcns/y/framework/web/actions/CAction.php(108): ReflectionMethod->invokeArgs(Object(MessageController), Array)
#2 /var/www/html/hrcns/y/framework/web/actions/CInlineAction.php(47): CAction->runWithParamsInternal(Object(MessageController), Object(ReflectionMethod), Array)
#3 /var/www/html/hrcns/y/framework/web/CController.php(308): CInlineAction->runWithParams(Array)
#4 /var/www/html/hrcns/y/framework/web/filters/CFilterChain.php(133): CController->runAction(Object(CInlineAction))
#5 /var/www/html/hrcns/y/framework/web/filters/CFilter.php(40): CFilterChain->run()
#6 /var/www/html/hrcns/y/framework/web/CController.php(1145): CFilter->filter(Object(CFilterChain))
#7 /var/www/html/hrcns/y/framework/web/filters/CInlineFilter.php(58): CController->filterAccessControl(Object(CFilterChain))
#8 /var/www/html/hrcns/y/framework/web/filters/CFilterChain.php(130): CInlineFilter->filter(Object(CFilterChain))
#9 /var/www/html/hrcns/y/framework/web/CController.php(291): CFilterChain->run()
#10 /var/www/html/hrcns/y/framework/web/CController.php(265): CController->runActionWithFilters(Object(CInlineAction), Array)
#11 /var/www/html/hrcns/y/framework/web/CWebApplication.php(282): CController->run('getmessages')
#12 /var/www/html/hrcns/y/framework/web/CWebApplication.php(141): CWebApplication->runController('tar/message/get...')
#13 /var/www/html/hrcns/y/framework/base/CApplication.php(169): CWebApplication->processRequest()
#14 /var/www/html/hrcns/index.php(25): CApplication->run()
#15 {main}
REQUEST_URI=/hrcns/index.php/tar/message/getmessages?k=123&u=adminaaa
---
2014/08/04 18:37:20 [error] [exception.CHttpException.401] exception 'CHttpException' with message 'User not found!' in /var/www/html/hrcns/protected/modules/tar/controllers/MessageController.php:61
Stack trace:
#0 [internal function]: MessageController->actionGetmessages('steve@evacare.n...', '123')
#1 /var/www/html/hrcns/y/framework/web/actions/CAction.php(108): ReflectionMethod->invokeArgs(Object(MessageController), Array)
#2 /var/www/html/hrcns/y/framework/web/actions/CInlineAction.php(47): CAction->runWithParamsInternal(Object(MessageController), Object(ReflectionMethod), Array)
#3 /var/www/html/hrcns/y/framework/web/CController.php(308): CInlineAction->runWithParams(Array)
#4 /var/www/html/hrcns/y/framework/web/filters/CFilterChain.php(133): CController->runAction(Object(CInlineAction))
#5 /var/www/html/hrcns/y/framework/web/filters/CFilter.php(40): CFilterChain->run()
#6 /var/www/html/hrcns/y/framework/web/CController.php(1145): CFilter->filter(Object(CFilterChain))
#7 /var/www/html/hrcns/y/framework/web/filters/CInlineFilter.php(58): CController->filterAccessControl(Object(CFilterChain))
#8 /var/www/html/hrcns/y/framework/web/filters/CFilterChain.php(130): CInlineFilter->filter(Object(CFilterChain))
#9 /var/www/html/hrcns/y/framework/web/CController.php(291): CFilterChain->run()
#10 /var/www/html/hrcns/y/framework/web/CController.php(265): CController->runActionWithFilters(Object(CInlineAction), Array)
#11 /var/www/html/hrcns/y/framework/web/CWebApplication.php(282): CController->run('getmessages')
#12 /var/www/html/hrcns/y/framework/web/CWebApplication.php(141): CWebApplication->runController('tar/message/get...')
#13 /var/www/html/hrcns/y/framework/base/CApplication.php(169): CWebApplication->processRequest()
#14 /var/www/html/hrcns/index.php(25): CApplication->run()
#15 {main}
REQUEST_URI=/hrcns/index.php/tar/message/getmessages?k=123&u=steve@evacare.net
---
2014/08/04 18:39:54 [error] [exception.CHttpException.401] exception 'CHttpException' with message 'User not found!' in /var/www/html/hrcns/protected/modules/tar/controllers/MessageController.php:61
Stack trace:
#0 [internal function]: MessageController->actionGetmessages('admin', '123')
#1 /var/www/html/hrcns/y/framework/web/actions/CAction.php(108): ReflectionMethod->invokeArgs(Object(MessageController), Array)
#2 /var/www/html/hrcns/y/framework/web/actions/CInlineAction.php(47): CAction->runWithParamsInternal(Object(MessageController), Object(ReflectionMethod), Array)
#3 /var/www/html/hrcns/y/framework/web/CController.php(308): CInlineAction->runWithParams(Array)
#4 /var/www/html/hrcns/y/framework/web/filters/CFilterChain.php(133): CController->runAction(Object(CInlineAction))
#5 /var/www/html/hrcns/y/framework/web/filters/CFilter.php(40): CFilterChain->run()
#6 /var/www/html/hrcns/y/framework/web/CController.php(1145): CFilter->filter(Object(CFilterChain))
#7 /var/www/html/hrcns/y/framework/web/filters/CInlineFilter.php(58): CController->filterAccessControl(Object(CFilterChain))
#8 /var/www/html/hrcns/y/framework/web/filters/CFilterChain.php(130): CInlineFilter->filter(Object(CFilterChain))
#9 /var/www/html/hrcns/y/framework/web/CController.php(291): CFilterChain->run()
#10 /var/www/html/hrcns/y/framework/web/CController.php(265): CController->runActionWithFilters(Object(CInlineAction), Array)
#11 /var/www/html/hrcns/y/framework/web/CWebApplication.php(282): CController->run('getmessages')
#12 /var/www/html/hrcns/y/framework/web/CWebApplication.php(141): CWebApplication->runController('tar/message/get...')
#13 /var/www/html/hrcns/y/framework/base/CApplication.php(169): CWebApplication->processRequest()
#14 /var/www/html/hrcns/index.php(25): CApplication->run()
#15 {main}
REQUEST_URI=/hrcns/index.php/tar/message/getmessages?k=123&u=admin
---
2014/08/04 18:45:40 [error] [exception.CHttpException.401] exception 'CHttpException' with message 'User not found!' in /var/www/html/hrcns/protected/modules/tar/controllers/MessageController.php:61
Stack trace:
#0 [internal function]: MessageController->actionGetmessages('jo', '123')
#1 /var/www/html/hrcns/y/framework/web/actions/CAction.php(108): ReflectionMethod->invokeArgs(Object(MessageController), Array)
#2 /var/www/html/hrcns/y/framework/web/actions/CInlineAction.php(47): CAction->runWithParamsInternal(Object(MessageController), Object(ReflectionMethod), Array)
#3 /var/www/html/hrcns/y/framework/web/CController.php(308): CInlineAction->runWithParams(Array)
#4 /var/www/html/hrcns/y/framework/web/filters/CFilterChain.php(133): CController->runAction(Object(CInlineAction))
#5 /var/www/html/hrcns/y/framework/web/filters/CFilter.php(40): CFilterChain->run()
#6 /var/www/html/hrcns/y/framework/web/CController.php(1145): CFilter->filter(Object(CFilterChain))
#7 /var/www/html/hrcns/y/framework/web/filters/CInlineFilter.php(58): CController->filterAccessControl(Object(CFilterChain))
#8 /var/www/html/hrcns/y/framework/web/filters/CFilterChain.php(130): CInlineFilter->filter(Object(CFilterChain))
#9 /var/www/html/hrcns/y/framework/web/CController.php(291): CFilterChain->run()
#10 /var/www/html/hrcns/y/framework/web/CController.php(265): CController->runActionWithFilters(Object(CInlineAction), Array)
#11 /var/www/html/hrcns/y/framework/web/CWebApplication.php(282): CController->run('getmessages')
#12 /var/www/html/hrcns/y/framework/web/CWebApplication.php(141): CWebApplication->runController('tar/message/get...')
#13 /var/www/html/hrcns/y/framework/base/CApplication.php(169): CWebApplication->processRequest()
#14 /var/www/html/hrcns/index.php(25): CApplication->run()
#15 {main}
REQUEST_URI=/hrcns/index.php/tar/message/getmessages?k=123&u=jo
---
2014/08/04 18:45:53 [error] [exception.CHttpException.401] exception 'CHttpException' with message 'User not found!' in /var/www/html/hrcns/protected/modules/tar/controllers/MessageController.php:61
Stack trace:
#0 [internal function]: MessageController->actionGetmessages('jo', '123')
#1 /var/www/html/hrcns/y/framework/web/actions/CAction.php(108): ReflectionMethod->invokeArgs(Object(MessageController), Array)
#2 /var/www/html/hrcns/y/framework/web/actions/CInlineAction.php(47): CAction->runWithParamsInternal(Object(MessageController), Object(ReflectionMethod), Array)
#3 /var/www/html/hrcns/y/framework/web/CController.php(308): CInlineAction->runWithParams(Array)
#4 /var/www/html/hrcns/y/framework/web/filters/CFilterChain.php(133): CController->runAction(Object(CInlineAction))
#5 /var/www/html/hrcns/y/framework/web/filters/CFilter.php(40): CFilterChain->run()
#6 /var/www/html/hrcns/y/framework/web/CController.php(1145): CFilter->filter(Object(CFilterChain))
#7 /var/www/html/hrcns/y/framework/web/filters/CInlineFilter.php(58): CController->filterAccessControl(Object(CFilterChain))
#8 /var/www/html/hrcns/y/framework/web/filters/CFilterChain.php(130): CInlineFilter->filter(Object(CFilterChain))
#9 /var/www/html/hrcns/y/framework/web/CController.php(291): CFilterChain->run()
#10 /var/www/html/hrcns/y/framework/web/CController.php(265): CController->runActionWithFilters(Object(CInlineAction), Array)
#11 /var/www/html/hrcns/y/framework/web/CWebApplication.php(282): CController->run('getmessages')
#12 /var/www/html/hrcns/y/framework/web/CWebApplication.php(141): CWebApplication->runController('tar/message/get...')
#13 /var/www/html/hrcns/y/framework/base/CApplication.php(169): CWebApplication->processRequest()
#14 /var/www/html/hrcns/index.php(25): CApplication->run()
#15 {main}
REQUEST_URI=/hrcns/index.php/tar/message/getmessages?k=123&u=jo
---
2014/08/04 19:12:53 [error] [app] Visitor from 192.168.1.48
2014/08/04 19:12:58 [error] [app] Visitor from 192.168.1.48
2014/08/04 19:13:02 [error] [app] Visitor from 192.168.1.48
2014/08/04 19:13:02 [error] [app] LOGIN: steven@evacare.net logged in successfully from 192.168.1.48
2014/08/04 19:13:11 [error] [app] Visitor from 192.168.1.48
2014/08/04 19:13:14 [error] [app] Visitor from 192.168.1.48
2014/08/04 19:13:14 [error] [app] LOGIN: steven.l@evacare.com logged in successfully from 192.168.1.48
