2014/08/04 14:20:23 [info] [audit] Test Audit
2014/08/04 14:20:24 [info] [audit] Test Audit
2014/08/04 14:20:24 [info] [audit] Test Audit
2014/08/04 14:20:24 [info] [audit] Test Audit
2014/08/04 14:20:25 [info] [audit] Test Audit
2014/08/04 14:20:25 [info] [audit] Test Audit
2014/08/04 14:20:25 [info] [audit] Test Audit
2014/08/04 14:20:27 [info] [audit] Test Audit
2014/08/04 14:20:27 [info] [audit] Test Audit
2014/08/04 14:20:27 [info] [audit] Test Audit
2014/08/04 14:20:27 [info] [audit] Test Audit
2014/08/04 14:20:27 [info] [audit] Test Audit
2014/08/04 14:20:34 [info] [audit] Testssss Audit
2014/08/04 14:20:34 [info] [audit] Testssss Audit
2014/08/04 14:20:35 [info] [audit] Testssss Audit
2014/08/04 14:20:35 [info] [audit] Testssss Audit
2014/08/04 14:20:35 [info] [audit] Testssss Audit
2014/08/04 14:20:35 [info] [audit] Testssss Audit
2014/08/04 14:20:58 [audit] [audit] Testssss Audit
2014/08/04 14:20:58 [audit] [audit] Testssss Audit
2014/08/04 14:20:58 [audit] [audit] Testssss Audit
2014/08/04 14:20:58 [audit] [audit] Testssss Audit
2014/08/04 14:20:58 [audit] [audit] Testssss Audit
2014/08/04 14:21:15 [audit] [audit] Testssss Audit
2014/08/04 14:21:15 [audit] [audit] Testssss Audit
2014/08/04 14:21:15 [audit] [audit] Testssss Audit
2014/08/04 14:21:15 [audit] [audit] Testssss Audit
2014/08/04 14:21:15 [audit] [audit] Testssss Audit
2014/08/04 14:21:15 [audit] [audit] Testssss Audit
2014/08/04 14:21:15 [audit] [audit] Testssss Audit
2014/08/04 14:21:16 [audit] [audit] Testssss Audit
2014/08/04 14:21:16 [audit] [audit] Testssss Audit
2014/08/04 14:21:16 [audit] [audit] Testssss Audit
2014/08/04 14:21:16 [audit] [audit] Testssss Audit
2014/08/04 14:21:16 [audit] [audit] Testssss Audit
2014/08/04 14:21:16 [audit] [audit] Testssss Audit
2014/08/04 14:21:16 [audit] [audit] Testssss Audit
2014/08/04 14:21:17 [audit] [audit] Testssss Audit
2014/08/04 14:21:17 [audit] [audit] Testssss Audit
2014/08/04 14:21:17 [audit] [audit] Testssss Audit
2014/08/04 14:21:17 [audit] [audit] Testssss Audit
2014/08/04 14:21:17 [audit] [audit] Testssss Audit
2014/08/04 14:21:17 [audit] [audit] Testssss Audit
2014/08/04 14:21:17 [audit] [audit] Testssss Audit
2014/08/04 14:21:18 [audit] [audit] Testssss Audit
2014/08/04 14:21:18 [audit] [audit] Testssss Audit
2014/08/04 14:21:18 [audit] [audit] Testssss Audit
2014/08/04 14:21:18 [audit] [audit] Testssss Audit
2014/08/04 14:21:18 [audit] [audit] Testssss Audit
2014/08/04 14:21:18 [audit] [audit] Testssss Audit
2014/08/04 14:21:18 [audit] [audit] Testssss Audit
2014/08/04 14:21:19 [audit] [audit] Testssss Audit
2014/08/04 14:21:19 [audit] [audit] Testssss Audit
2014/08/04 14:21:19 [audit] [audit] Testssss Audit
2014/08/04 14:21:19 [audit] [audit] Testssss Audit
2014/08/04 14:21:19 [audit] [audit] Testssss Audit
2014/08/04 14:21:19 [audit] [audit] Testssss Audit
2014/08/04 14:21:20 [audit] [audit] Testssss Audit
2014/08/04 14:21:20 [audit] [audit] Testssss Audit
2014/08/04 14:21:20 [audit] [audit] Testssss Audit
2014/08/04 14:21:20 [audit] [audit] Testssss Audit
2014/08/04 14:21:20 [audit] [audit] Testssss Audit
2014/08/04 14:21:20 [audit] [audit] Testssss Audit
2014/08/04 14:21:21 [audit] [audit] Testssss Audit
2014/08/04 14:21:21 [audit] [audit] Testssss Audit
2014/08/04 14:21:21 [audit] [audit] Testssss Audit
2014/08/04 14:21:21 [audit] [audit] Testssss Audit
2014/08/04 14:21:21 [audit] [audit] Testssss Audit
2014/08/04 14:21:21 [audit] [audit] Testssss Audit
2014/08/04 14:21:22 [audit] [audit] Testssss Audit
2014/08/04 14:21:22 [audit] [audit] Testssss Audit
2014/08/04 14:21:22 [audit] [audit] Testssss Audit
2014/08/04 14:21:22 [audit] [audit] Testssss Audit
2014/08/04 14:21:22 [audit] [audit] Testssss Audit
2014/08/04 14:21:22 [audit] [audit] Testssss Audit
2014/08/04 14:21:23 [audit] [audit] Testssss Audit
2014/08/04 14:21:23 [audit] [audit] Testssss Audit
2014/08/04 14:23:24 [audit] [audit] steven@evacare.netUser prepared notice ID 123
2014/08/04 14:23:24 [audit] [audit] steven@evacare.netUser prepared notice ID 123
2014/08/04 14:23:24 [audit] [audit] steven@evacare.netUser prepared notice ID 123
2014/08/04 14:23:24 [audit] [audit] steven@evacare.netUser prepared notice ID 123
2014/08/04 14:23:25 [audit] [audit] steven@evacare.netUser prepared notice ID 123
2014/08/04 14:23:25 [audit] [audit] steven@evacare.netUser prepared notice ID 123
2014/08/04 14:23:25 [audit] [audit] steven@evacare.netUser prepared notice ID 123
2014/08/04 14:23:25 [audit] [audit] steven@evacare.netUser prepared notice ID 123
2014/08/04 14:23:25 [audit] [audit] steven@evacare.netUser prepared notice ID 123
2014/08/04 14:23:26 [audit] [audit] steven@evacare.netUser prepared notice ID 123
2014/08/04 14:23:26 [audit] [audit] steven@evacare.netUser prepared notice ID 123
2014/08/04 14:23:27 [audit] [audit] steven@evacare.netUser prepared notice ID 123
2014/08/04 14:23:27 [audit] [audit] steven@evacare.netUser prepared notice ID 123
2014/08/04 14:23:27 [audit] [audit] steven@evacare.netUser prepared notice ID 123
2014/08/04 14:23:34 [audit] [audit] steven@evacare.net user prepared notice ID 123
2014/08/04 14:23:35 [audit] [audit] steven@evacare.net user prepared notice ID 123
2014/08/04 14:23:35 [audit] [audit] steven@evacare.net user prepared notice ID 123
2014/08/04 14:23:35 [audit] [audit] steven@evacare.net user prepared notice ID 123
2014/08/04 14:23:35 [audit] [audit] steven@evacare.net user prepared notice ID 123
2014/08/04 14:23:35 [audit] [audit] steven@evacare.net user prepared notice ID 123
2014/08/04 14:23:36 [audit] [audit] steven@evacare.net user prepared notice ID 123
2014/08/04 14:23:36 [audit] [audit] steven@evacare.net user prepared notice ID 123
2014/08/04 14:23:36 [audit] [audit] steven@evacare.net user prepared notice ID 123
2014/08/04 14:23:37 [audit] [audit] steven@evacare.net user prepared notice ID 123
2014/08/04 14:23:37 [audit] [audit] steven@evacare.net user prepared notice ID 123
2014/08/04 14:23:37 [audit] [audit] steven@evacare.net user prepared notice ID 123
2014/08/04 14:23:37 [audit] [audit] steven@evacare.net user prepared notice ID 123
2014/08/04 14:23:37 [audit] [audit] steven@evacare.net user prepared notice ID 123
2014/08/04 14:23:37 [audit] [audit] steven@evacare.net user prepared notice ID 123
2014/08/04 14:23:37 [audit] [audit] steven@evacare.net user prepared notice ID 123
2014/08/04 14:23:37 [audit] [audit] steven@evacare.net user prepared notice ID 123
2014/08/04 14:23:37 [audit] [audit] steven@evacare.net user prepared notice ID 123
2014/08/04 14:23:37 [audit] [audit] steven@evacare.net user prepared notice ID 123
2014/08/04 14:23:38 [audit] [audit] steven@evacare.net user prepared notice ID 123
2014/08/04 14:23:38 [audit] [audit] steven@evacare.net user prepared notice ID 123
2014/08/04 14:23:38 [audit] [audit] steven@evacare.net user prepared notice ID 123
2014/08/04 14:23:38 [audit] [audit] steven@evacare.net user prepared notice ID 123
2014/08/04 14:23:38 [audit] [audit] steven@evacare.net user prepared notice ID 123
2014/08/04 14:23:38 [audit] [audit] steven@evacare.net user prepared notice ID 123
2014/08/04 14:23:38 [audit] [audit] steven@evacare.net user prepared notice ID 123
2014/08/04 14:23:38 [audit] [audit] steven@evacare.net user prepared notice ID 123
2014/08/04 14:23:38 [audit] [audit] steven@evacare.net user prepared notice ID 123
2014/08/04 14:23:38 [audit] [audit] steven@evacare.net user prepared notice ID 123
2014/08/04 14:23:39 [audit] [audit] steven@evacare.net user prepared notice ID 123
2014/08/04 14:23:39 [audit] [audit] steven@evacare.net user prepared notice ID 123
2014/08/04 14:23:39 [audit] [audit] steven@evacare.net user prepared notice ID 123
2014/08/04 14:23:39 [audit] [audit] steven@evacare.net user prepared notice ID 123
2014/08/04 14:23:39 [audit] [audit] steven@evacare.net user prepared notice ID 123
2014/08/04 14:23:40 [audit] [audit] steven@evacare.net user prepared notice ID 123
2014/08/04 14:23:40 [audit] [audit] steven@evacare.net user prepared notice ID 123
2014/08/04 14:23:41 [audit] [audit] steven@evacare.net user prepared notice ID 123
2014/08/04 14:23:41 [audit] [audit] steven@evacare.net user prepared notice ID 123
2014/08/04 14:23:41 [audit] [audit] steven@evacare.net user prepared notice ID 123
2014/08/04 14:23:41 [audit] [audit] steven@evacare.net user prepared notice ID 123
2014/08/04 14:23:41 [audit] [audit] steven@evacare.net user prepared notice ID 123
2014/08/04 14:23:42 [audit] [audit] steven@evacare.net user prepared notice ID 123
2014/08/04 14:23:42 [audit] [audit] steven@evacare.net user prepared notice ID 123
2014/08/04 14:23:50 [audit] [audit] steven@evacare.net user prepared notice ID 123
2014/08/04 14:23:50 [audit] [audit] steven@evacare.net user prepared notice ID 123
2014/08/04 14:23:51 [audit] [audit] steven@evacare.net user prepared notice ID 123
2014/08/04 14:23:51 [audit] [audit] steven@evacare.net user prepared notice ID 123
2014/08/04 14:23:51 [audit] [audit] steven@evacare.net user prepared notice ID 123
2014/08/04 14:23:51 [audit] [audit] steven@evacare.net user prepared notice ID 123
2014/08/04 14:23:51 [audit] [audit] steven@evacare.net user prepared notice ID 123
2014/08/04 14:23:51 [audit] [audit] steven@evacare.net user prepared notice ID 123
2014/08/04 14:23:51 [audit] [audit] steven@evacare.net user prepared notice ID 123
2014/08/04 14:23:52 [audit] [audit] steven@evacare.net user prepared notice ID 123
2014/08/04 14:23:52 [audit] [audit] steven@evacare.net user prepared notice ID 123
2014/08/04 14:23:52 [audit] [audit] steven@evacare.net user prepared notice ID 123
2014/08/04 14:23:52 [audit] [audit] steven@evacare.net user prepared notice ID 123
2014/08/04 14:23:52 [audit] [audit] steven@evacare.net user prepared notice ID 123
2014/08/04 14:23:52 [audit] [audit] steven@evacare.net user prepared notice ID 123
2014/08/04 14:28:09 [audit] [audit] steven@evacare.net user prepared notice ID 4609
2014/08/04 14:29:41 [audit] [audit] Joni prepared notice ID 4610
2014/08/04 14:34:08 [audit] [audit] FM signed notice ID 4610
2014/08/04 14:35:32 [audit] [audit] FM signed notice ID 4610 with Yes decision.
2014/08/04 14:35:53 [audit] [audit] FM signed notice ID 4610 with No decision.
2014/08/04 14:36:29 [audit] [audit] FM signed notice ID 4610 with Yes decision.
2014/08/04 14:37:34 [audit] [audit] FM edited notice ID 4610
2014/08/04 14:37:54 [audit] [audit] FM edited notice ID 4610
2014/08/04 14:40:03 [audit] [audit] 1-1
2014/08/04 14:40:03 [audit] [audit] FM edited notice ID 4610
2014/08/04 14:41:23 [audit] [audit] 1-0
2014/08/04 14:41:23 [audit] [audit] FM edited notice ID 4610
2014/08/04 14:42:11 [audit] [audit] FM signed notice ID 4610 with Yes decision.
2014/08/04 14:43:31 [audit] [audit] FM cancelled notice ID 4610
2014/08/04 14:44:26 [audit] [audit] FM cancelled notice ID 4610
2014/08/04 14:44:52 [audit] [audit] FM cancelled notice ID 4610
2014/08/04 14:58:39 [audit] [audit] steven@evacare.net cancelled notice ID 1
2014/08/04 14:58:58 [audit] [audit] ADMIN: steven@evacare.net cancelled notice ID 1
2014/08/04 14:59:12 [audit] [audit] ADMIN: steven@evacare.net manually edited notice ID 1
